Build started 04/11/2015 7:07:53 p.m..
     1>Project "C:\Users\MartinColeman\Desktop\Mastermind\Mastermind\Mastermind.vcxproj" on node 2 (build target(s)).
     1>InitializeBuildStatus:
         Creating "Debug\Mastermind.unsuccessfulbuild" because "AlwaysCreate" was specified.
       ClCompile:
         c:\Program Files (x86)\Microsoft Visual Studio 10.0\VC\bin\CL.exe /c /ZI /nologo /W3 /WX- /Od /Oy- /D _MBCS /Gm /EHsc /RTC1 /MDd /GS /fp:precise /Zc:wchar_t /Zc:forScope /Fo"Debug\\" /Fd"Debug\vc100.pdb" /Gd /TC /analyze- /errorReport:prompt Mastermind.c
         Mastermind.c
     1>c:\users\martincoleman\desktop\mastermind\mastermind\mastermind.c(86): warning C4996: 'scanf': This function or variable may be unsafe. Consider using scanf_s instead. To disable deprecation, use _CRT_SECURE_NO_WARNINGS. See online help for details.
                 c:\program files (x86)\microsoft visual studio 10.0\vc\include\stdio.h(304) : see declaration of 'scanf'
     1>c:\users\martincoleman\desktop\mastermind\mastermind\mastermind.c(106): warning C4996: 'scanf': This function or variable may be unsafe. Consider using scanf_s instead. To disable deprecation, use _CRT_SECURE_NO_WARNINGS. See online help for details.
                 c:\program files (x86)\microsoft visual studio 10.0\vc\include\stdio.h(304) : see declaration of 'scanf'
     1>c:\users\martincoleman\desktop\mastermind\mastermind\mastermind.c(155): warning C4996: 'scanf': This function or variable may be unsafe. Consider using scanf_s instead. To disable deprecation, use _CRT_SECURE_NO_WARNINGS. See online help for details.
                 c:\program files (x86)\microsoft visual studio 10.0\vc\include\stdio.h(304) : see declaration of 'scanf'
     1>c:\users\martincoleman\desktop\mastermind\mastermind\mastermind.c(173): warning C4996: 'scanf': This function or variable may be unsafe. Consider using scanf_s instead. To disable deprecation, use _CRT_SECURE_NO_WARNINGS. See online help for details.
                 c:\program files (x86)\microsoft visual studio 10.0\vc\include\stdio.h(304) : see declaration of 'scanf'
     1>c:\users\martincoleman\desktop\mastermind\mastermind\mastermind.c(180): warning C4244: 'function' : conversion from 'time_t' to 'unsigned int', possible loss of data
     1>c:\users\martincoleman\desktop\mastermind\mastermind\mastermind.c(231): warning C4244: 'function' : conversion from 'time_t' to 'unsigned int', possible loss of data
     1>c:\users\martincoleman\desktop\mastermind\mastermind\mastermind.c(272): warning C4244: 'function' : conversion from 'time_t' to 'unsigned int', possible loss of data
     1>c:\users\martincoleman\desktop\mastermind\mastermind\mastermind.c(328): warning C4996: 'scanf': This function or variable may be unsafe. Consider using scanf_s instead. To disable deprecation, use _CRT_SECURE_NO_WARNINGS. See online help for details.
                 c:\program files (x86)\microsoft visual studio 10.0\vc\include\stdio.h(304) : see declaration of 'scanf'
     1>c:\users\martincoleman\desktop\mastermind\mastermind\mastermind.c(337): warning C4996: 'scanf': This function or variable may be unsafe. Consider using scanf_s instead. To disable deprecation, use _CRT_SECURE_NO_WARNINGS. See online help for details.
                 c:\program files (x86)\microsoft visual studio 10.0\vc\include\stdio.h(304) : see declaration of 'scanf'
     1>c:\users\martincoleman\desktop\mastermind\mastermind\mastermind.c(346): warning C4996: 'scanf': This function or variable may be unsafe. Consider using scanf_s instead. To disable deprecation, use _CRT_SECURE_NO_WARNINGS. See online help for details.
                 c:\program files (x86)\microsoft visual studio 10.0\vc\include\stdio.h(304) : see declaration of 'scanf'
     1>c:\users\martincoleman\desktop\mastermind\mastermind\mastermind.c(356): warning C4996: 'scanf': This function or variable may be unsafe. Consider using scanf_s instead. To disable deprecation, use _CRT_SECURE_NO_WARNINGS. See online help for details.
                 c:\program files (x86)\microsoft visual studio 10.0\vc\include\stdio.h(304) : see declaration of 'scanf'
       Link:
         c:\Program Files (x86)\Microsoft Visual Studio 10.0\VC\bin\link.exe /ERRORREPORT:PROMPT /OUT:"C:\Users\MartinColeman\Desktop\Mastermind\Debug\Mastermind.exe" /NOLOGO kernel32.lib user32.lib gdi32.lib winspool.lib comdlg32.lib advapi32.lib shell32.lib ole32.lib oleaut32.lib uuid.lib odbc32.lib odbccp32.lib /MANIFEST /ManifestFile:"Debug\Mastermind.exe.intermediate.manifest" /MANIFESTUAC:"level='asInvoker' uiAccess='false'" /DEBUG /PDB:"C:\Users\MartinColeman\Desktop\Mastermind\Debug\Mastermind.pdb" /TLBID:1 /DYNAMICBASE /NXCOMPAT /IMPLIB:"C:\Users\MartinColeman\Desktop\Mastermind\Debug\Mastermind.lib" /MACHINE:X86 Debug\Mastermind.obj
         Mastermind.vcxproj -> C:\Users\MartinColeman\Desktop\Mastermind\Debug\Mastermind.exe
       Manifest:
         C:\Program Files (x86)\Microsoft SDKs\Windows\v7.0A\bin\mt.exe /nologo /verbose /outputresource:"C:\Users\MartinColeman\Desktop\Mastermind\Debug\Mastermind.exe;#1" /manifest Debug\Mastermind.exe.intermediate.manifest
       FinalizeBuildStatus:
         Deleting file "Debug\Mastermind.unsuccessfulbuild".
         Touching "Debug\Mastermind.lastbuildstate".
     1>Done Building Project "C:\Users\MartinColeman\Desktop\Mastermind\Mastermind\Mastermind.vcxproj" (build target(s)).

Build succeeded.

Time Elapsed 00:00:03.40
